<?xml version="1.0" encoding="UTF-8"?>
<!-- Generated by org.testng.reporters.JUnitXMLReporter -->
<testsuite ignored="0" hostname="Chinha" failures="0" tests="5" name="Default test" time="52.596" errors="0" timestamp="2023-08-04T16:05:57 IST">
  <testcase classname="eComProject.Meesho" name="meeshoTest" time="10.149"/>
  <testcase classname="eComProject.Zoho" name="zohoTest" time="12.857"/>
  <testcase classname="eComProject.EBay" name="eBayTest" time="9.017"/>
  <testcase classname="eComProject.Amazon" name="amazonTest" time="10.669"/>
  <testcase classname="eComProject.OpenCart" name="openCart" time="9.845"/>
</testsuite> <!-- Default test -->
