<?xml version="1.0" encoding="UTF-8"?>
<!-- Generated by org.testng.reporters.JUnitXMLReporter -->
<testsuite ignored="0" hostname="Chinha" failures="0" tests="5" name="Default test" time="50.762" errors="0" timestamp="2023-08-02T20:27:43 IST">
  <testcase classname="eComProject.Meesho" name="meeshoTest" time="10.02"/>
  <testcase classname="eComProject.Zoho" name="f" time="12.495"/>
  <testcase classname="eComProject.EBay" name="f" time="8.811"/>
  <testcase classname="eComProject.Amazon" name="f" time="9.666"/>
  <testcase classname="eComProject.OpenCart" name="openCart" time="9.716"/>
</testsuite> <!-- Default test -->
